Arguments: 
  /usr/local/bin/node /usr/local/bin/yarn add ioredisaxios

PATH: 
  /usr/local/sbin:/usr/local/bin:/Users/mac/swclass/flutter/bin:/opt/homebrew/bin:/opt/homebrew/sbin:/usr/local/bin:/usr/bin:/bin:/usr/sbin:/sbin:/Library/Apple/usr/bin:/usr/local/sbin:/Users/mac/swclass/flutter/bin:/opt/homebrew/bin:/opt/homebrew/sbin

Yarn version: 
  1.22.10

Node version: 
  14.15.4

Platform: 
  darwin x64

Trace: 
  Error: https://registry.npmjs.org/ioredisaxios: Not found
      at Request.params.callback [as _callback] (/usr/local/lib/node_modules/yarn/lib/cli.js:66988:18)
      at Request.self.callback (/usr/local/lib/node_modules/yarn/lib/cli.js:140662:22)
      at Request.emit (events.js:315:20)
      at Request.<anonymous> (/usr/local/lib/node_modules/yarn/lib/cli.js:141634:10)
      at Request.emit (events.js:315:20)
      at IncomingMessage.<anonymous> (/usr/local/lib/node_modules/yarn/lib/cli.js:141556:12)
      at Object.onceWrapper (events.js:421:28)
      at IncomingMessage.emit (events.js:327:22)
      at endReadableNT (internal/streams/readable.js:1327:12)
      at processTicksAndRejections (internal/process/task_queues.js:80:21)

npm manifest: 
  {
    "name": "srv",
    "version": "1.0.0",
    "description": "",
    "scripts": {
      "test": "echo \"Error: no test specified\" && exit 1"
    },
    "keywords": [],
    "author": "",
    "license": "ISC",
    "dependencies": {
      "@alicloud/sms-sdk": "^1.1.6",
      "body-parse": "^0.1.0",
      "cors": "^2.8.5",
      "express": "^4.17.1",
      "ioredis": "^4.28.2",
      "jsonwebtoken": "^8.5.1",
      "mongoose": "^6.0.14"
    }
  }

yarn manifest: 
  No manifest

Lockfile: 
  No lockfile
